{"level":"error","message":"this.dao.getById is not a function"}
{"level":"error","message":"this.dao.getById is not a function"}
{"level":"fatal","message":"Prueba Fatal"}
{"level":"error","message":"Prueba Error"}
{"level":"error","message":"this.dao.getById is not a function"}
{"level":"error","message":"userService.recoverPassword is not a function"}
{"level":"error","message":"userService.recoverPassword is not a function"}
{"level":"error","message":"Cannot read properties of undefined (reading 'error')"}
{"level":"error","message":"Cannot read properties of undefined (reading 'error')"}
{"level":"error","message":"Cannot read properties of undefined (reading 'error')"}
{"level":"error","message":"passwordToken is not defined"}
{"level":"error","message":"Cannot read properties of undefined (reading 'error')"}
{"level":"error","message":"Cannot read properties of undefined (reading 'error')"}
{"level":"error","message":"result is not defined"}
{"level":"error","message":"result is not defined"}
{"level":"error","message":"sendEmail is not defined"}
{"level":"error","message":"Cannot read properties of null (reading '_id')"}
{"level":"error","message":"Cannot set properties of null (setting 'recoverPassword')"}
{"level":"error","message":"Cannot destructure property 'title' of 'product' as it is undefined."}
{"level":"error","message":"Cannot read properties of undefined (reading 'status')"}
{"level":"error","message":"Cannot read properties of undefined (reading 'status')"}
{"level":"error","message":"Cannot read properties of undefined (reading 'status')"}
{"level":"error","message":"Cannot read properties of undefined (reading 'status')"}
{"level":"error","message":"Cannot read properties of undefined (reading 'status')"}
{"level":"error","message":"Cannot read properties of undefined (reading 'status')"}
{"level":"error","message":"Cannot read properties of undefined (reading 'status')"}
{"level":"error","message":"Cannot read properties of undefined (reading 'status')"}
{"level":"error","message":"Cannot read properties of undefined (reading 'status')"}
{"level":"error","message":"Cannot read properties of undefined (reading 'status')"}
{"level":"error","message":"Cannot read properties of undefined (reading 'status')"}
{"level":"error","message":"Cannot read properties of undefined (reading 'status')"}
{"level":"error","message":"Cannot read properties of undefined (reading 'status')"}
{"level":"error","message":"Cannot read properties of undefined (reading 'status')"}
